[20:24:31] [main/INFO]: Loading Minecraft 1.21.1 with Fabric Loader 0.18.2
[20:24:31] [main/INFO]: Loading 4 mods:
	- fabricloader 0.18.2
	   \-- mixinextras 0.5.0
	- java 21
	- minecraft 1.21.1
[20:24:31] [main/INFO]: SpongePowered MIXIN Subsystem Version=0.8.7 Source=file:/workspaces/server-arrecho/servidor_minecraft/libraries/net/fabricmc/sponge-mixin/0.16.5+mixin.0.8.7/sponge-mixin-0.16.5+mixin.0.8.7.jar Service=Knot/Fabric Env=SERVER
[20:24:36] [main/INFO]: Environment: Environment[sessionHost=https://sessionserver.mojang.com, servicesHost=https://api.minecraftservices.com, name=PROD]
[20:24:36] [main/INFO]: No existing world data, creating new world
[20:24:37] [main/INFO]: Loaded 1290 recipes
[20:24:37] [main/INFO]: Loaded 1399 advancements
[20:24:38] [Server thread/INFO]: Starting minecraft server version 1.21.1
[20:24:38] [Server thread/INFO]: Loading properties
[20:24:38] [Server thread/INFO]: Default game type: SURVIVAL
[20:24:38] [Server thread/INFO]: Generating keypair
[20:24:38] [Server thread/INFO]: Starting Minecraft server on *:25565
[20:24:38] [Server thread/INFO]: Using epoll channel type
[20:24:38] [Server thread/WARN]: **** SERVER IS RUNNING IN OFFLINE/INSECURE MODE!
[20:24:38] [Server thread/WARN]: The server will make no attempt to authenticate usernames. Beware.
[20:24:38] [Server thread/WARN]: While this makes the game possible to play without internet access, it also opens up the ability for hackers to connect with any username they choose.
[20:24:38] [Server thread/WARN]: To change this, set "online-mode" to "true" in the server.properties file.
[20:24:38] [Server thread/INFO]: Preparing level "world"
[20:24:43] [Server thread/INFO]: Preparing start region for dimension minecraft:overworld
[20:24:43] [Worker-Main-3/INFO]: Preparing spawn area: 2%
[20:24:44] [Worker-Main-1/INFO]: Preparing spawn area: 2%
[20:24:44] [Worker-Main-2/INFO]: Preparing spawn area: 2%
[20:24:45] [Worker-Main-1/INFO]: Preparing spawn area: 18%
[20:24:46] [Worker-Main-2/INFO]: Preparing spawn area: 18%
[20:24:46] [Worker-Main-1/INFO]: Preparing spawn area: 18%
[20:24:46] [Worker-Main-1/INFO]: Preparing spawn area: 51%
[20:24:47] [Worker-Main-3/INFO]: Preparing spawn area: 51%
[20:24:47] [Worker-Main-1/INFO]: Preparing spawn area: 51%
[20:24:48] [Worker-Main-1/INFO]: Preparing spawn area: 67%
[20:24:48] [Server thread/INFO]: Time elapsed: 4575 ms
[20:24:48] [Server thread/INFO]: Done (9.962s)! For help, type "help"
[20:24:56] [Server thread/INFO]: Stopping the server
[20:24:56] [Server thread/INFO]: Stopping server
[20:24:56] [Server thread/INFO]: Saving players
[20:24:56] [Server thread/INFO]: Saving worlds
[20:24:56] [Server thread/INFO]: Saving chunks for level 'ServerLevel[world]'/minecraft:overworld
[20:24:57] [Server thread/INFO]: Saving chunks for level 'ServerLevel[world]'/minecraft:the_nether
[20:24:57] [Server thread/INFO]: Saving chunks for level 'ServerLevel[world]'/minecraft:the_end
[20:24:57] [Server thread/INFO]: ThreadedAnvilChunkStorage (world): All chunks are saved
[20:24:57] [Server thread/INFO]: ThreadedAnvilChunkStorage (DIM-1): All chunks are saved
[20:24:57] [Server thread/INFO]: ThreadedAnvilChunkStorage (DIM1): All chunks are saved
[20:24:57] [Server thread/INFO]: ThreadedAnvilChunkStorage: All dimensions are saved
